p/imagen_196.png 1 0 0 300 300
p/imagen_195.png 1 0 0 300 300
p/imagen_194.png 1 0 0 300 300
p/imagen_193.png 1 0 0 300 300
p/imagen_192.png 1 0 0 300 300
p/imagen_191.png 1 0 0 300 300
p/imagen_190.png 1 0 0 300 300
p/imagen_189.png 1 0 0 300 300
p/imagen_188.png 1 0 0 300 300
p/imagen_187.png 1 0 0 300 300
p/imagen_186.png 1 0 0 300 300
p/imagen_185.png 1 0 0 300 300
p/imagen_184.png 1 0 0 300 300
p/imagen_183.png 1 0 0 300 300
p/imagen_182.png 1 0 0 300 300
p/imagen_181.png 1 0 0 300 300
p/imagen_180.png 1 0 0 300 300
p/imagen_179.png 1 0 0 300 300
p/imagen_178.png 1 0 0 300 300
p/imagen_177.png 1 0 0 300 300
p/imagen_176.png 1 0 0 300 300
p/imagen_175.png 1 0 0 300 300
p/imagen_174.png 1 0 0 300 300
p/imagen_173.png 1 0 0 300 300
p/imagen_172.png 1 0 0 300 300
p/imagen_171.png 1 0 0 300 300
p/imagen_170.png 1 0 0 300 300
p/imagen_169.png 1 0 0 300 300
p/imagen_168.png 1 0 0 300 300
p/imagen_167.png 1 0 0 300 300
p/imagen_166.png 1 0 0 300 300
p/imagen_165.png 1 0 0 300 300
p/imagen_164.png 1 0 0 300 300
p/imagen_163.png 1 0 0 300 300
p/imagen_162.png 1 0 0 300 300
p/imagen_161.png 1 0 0 300 300
p/imagen_160.png 1 0 0 300 300
p/imagen_159.png 1 0 0 300 300
p/imagen_158.png 1 0 0 300 300
p/imagen_157.png 1 0 0 300 300
p/imagen_156.png 1 0 0 300 300
p/imagen_155.png 1 0 0 300 300
p/imagen_154.png 1 0 0 300 300
p/imagen_153.png 1 0 0 300 300
p/imagen_152.png 1 0 0 300 300
p/imagen_151.png 1 0 0 300 300
p/imagen_150.png 1 0 0 300 300
p/imagen_149.png 1 0 0 300 300
p/imagen_148.png 1 0 0 300 300
p/imagen_147.png 1 0 0 300 300
p/imagen_146.png 1 0 0 300 300
p/imagen_145.png 1 0 0 300 300
p/imagen_144.png 1 0 0 300 300
p/imagen_143.png 1 0 0 300 300
p/imagen_142.png 1 0 0 300 300
p/imagen_141.png 1 0 0 300 300
p/imagen_140.png 1 0 0 300 300
p/imagen_139.png 1 0 0 300 300
p/imagen_138.png 1 0 0 300 300
p/imagen_137.png 1 0 0 300 300
p/imagen_136.png 1 0 0 300 300
p/imagen_135.png 1 0 0 300 300
p/imagen_134.png 1 0 0 300 300
p/imagen_133.png 1 0 0 300 300
p/imagen_132.png 1 0 0 300 300
p/imagen_131.png 1 0 0 300 300
p/imagen_130.png 1 0 0 300 300
p/imagen_129.png 1 0 0 300 300
p/imagen_128.png 1 0 0 300 300
p/imagen_127.png 1 0 0 300 300
p/imagen_126.png 1 0 0 300 300
p/imagen_125.png 1 0 0 300 300
p/imagen_124.png 1 0 0 300 300
p/imagen_123.png 1 0 0 300 300
p/imagen_122.png 1 0 0 300 300
p/imagen_121.png 1 0 0 300 300
p/imagen_120.png 1 0 0 300 300
p/imagen_119.png 1 0 0 300 300
p/imagen_118.png 1 0 0 300 300
p/imagen_117.png 1 0 0 300 300
p/imagen_116.png 1 0 0 300 300
p/imagen_115.png 1 0 0 300 300
p/imagen_114.png 1 0 0 300 300
p/imagen_113.png 1 0 0 300 300
p/imagen_112.png 1 0 0 300 300
p/imagen_111.png 1 0 0 300 300
p/imagen_110.png 1 0 0 300 300
p/imagen_109.png 1 0 0 300 300
p/imagen_108.png 1 0 0 300 300
p/imagen_107.png 1 0 0 300 300
p/imagen_106.png 1 0 0 300 300
p/imagen_105.png 1 0 0 300 300
p/imagen_104.png 1 0 0 300 300
p/imagen_103.png 1 0 0 300 300
p/imagen_102.png 1 0 0 300 300
p/imagen_101.png 1 0 0 300 300
p/imagen_100.png 1 0 0 300 300
p/imagen_99.png 1 0 0 300 300
p/imagen_98.png 1 0 0 300 300
p/imagen_97.png 1 0 0 300 300
p/imagen_96.png 1 0 0 300 300
p/imagen_95.png 1 0 0 300 300
p/imagen_94.png 1 0 0 300 300
p/imagen_93.png 1 0 0 300 300
p/imagen_92.png 1 0 0 300 300
p/imagen_91.png 1 0 0 300 300
p/imagen_90.png 1 0 0 300 300
p/imagen_89.png 1 0 0 300 300
p/imagen_88.png 1 0 0 300 300
p/imagen_87.png 1 0 0 300 300
p/imagen_86.png 1 0 0 300 300
p/imagen_85.png 1 0 0 300 300
p/imagen_84.png 1 0 0 300 300
p/imagen_83.png 1 0 0 300 300
p/imagen_82.png 1 0 0 300 300
p/imagen_81.png 1 0 0 300 300
p/imagen_80.png 1 0 0 300 300
p/imagen_79.png 1 0 0 300 300
p/imagen_78.png 1 0 0 300 300
p/imagen_77.png 1 0 0 300 300
p/imagen_76.png 1 0 0 300 300
p/imagen_75.png 1 0 0 300 300
p/imagen_74.png 1 0 0 300 300
p/imagen_73.png 1 0 0 300 300
p/imagen_72.png 1 0 0 300 300
p/imagen_71.png 1 0 0 300 300
p/imagen_70.png 1 0 0 300 300
p/imagen_69.png 1 0 0 300 300
p/imagen_68.png 1 0 0 300 300
p/imagen_67.png 1 0 0 300 300
p/imagen_66.png 1 0 0 300 300
p/imagen_65.png 1 0 0 300 300
p/imagen_64.png 1 0 0 300 300
p/imagen_63.png 1 0 0 300 300
p/imagen_62.png 1 0 0 300 300
p/imagen_61.png 1 0 0 300 300
p/imagen_60.png 1 0 0 300 300
p/imagen_59.png 1 0 0 300 300
p/imagen_58.png 1 0 0 300 300
p/imagen_57.png 1 0 0 300 300
p/imagen_56.png 1 0 0 300 300
p/imagen_55.png 1 0 0 300 300
p/imagen_54.png 1 0 0 300 300
p/imagen_53.png 1 0 0 300 300
p/imagen_52.png 1 0 0 300 300
p/imagen_51.png 1 0 0 300 300
p/imagen_50.png 1 0 0 300 300
p/imagen_49.png 1 0 0 300 300
p/imagen_48.png 1 0 0 300 300
p/imagen_47.png 1 0 0 300 300
p/imagen_46.png 1 0 0 300 300
p/imagen_45.png 1 0 0 300 300
p/imagen_44.png 1 0 0 300 300
p/imagen_43.png 1 0 0 300 300
p/imagen_42.png 1 0 0 300 300
p/imagen_41.png 1 0 0 300 300
p/imagen_40.png 1 0 0 300 300
p/imagen_39.png 1 0 0 300 300
p/imagen_38.png 1 0 0 300 300
p/imagen_37.png 1 0 0 300 300
p/imagen_36.png 1 0 0 300 300
p/imagen_35.png 1 0 0 300 300
p/imagen_34.png 1 0 0 300 300
p/imagen_33.png 1 0 0 300 300
p/imagen_32.png 1 0 0 300 300
p/imagen_31.png 1 0 0 300 300
p/imagen_30.png 1 0 0 300 300
p/imagen_29.png 1 0 0 300 300
p/imagen_28.png 1 0 0 300 300
p/imagen_27.png 1 0 0 300 300
p/imagen_26.png 1 0 0 300 300
p/imagen_25.png 1 0 0 300 300
p/imagen_24.png 1 0 0 300 300
p/imagen_23.png 1 0 0 300 300
p/imagen_22.png 1 0 0 300 300
p/imagen_21.png 1 0 0 300 300
p/imagen_20.png 1 0 0 300 300
p/imagen_19.png 1 0 0 300 300
p/imagen_18.png 1 0 0 300 300
p/imagen_17.png 1 0 0 300 300
p/imagen_16.png 1 0 0 300 300
p/imagen_15.png 1 0 0 300 300
p/imagen_14.png 1 0 0 300 300
p/imagen_13.png 1 0 0 300 300
p/imagen_12.png 1 0 0 300 300
p/imagen_11.png 1 0 0 300 300
p/imagen_10.png 1 0 0 300 300
p/imagen_9.png 1 0 0 300 300
p/imagen_8.png 1 0 0 300 300
p/imagen_7.png 1 0 0 300 300
p/imagen_6.png 1 0 0 300 300
p/imagen_5.png 1 0 0 300 300
p/imagen_4.png 1 0 0 300 300
p/imagen_3.png 1 0 0 300 300
p/imagen_2.png 1 0 0 300 300
p/imagen_1.png 1 0 0 300 300